<?xml version="1.0" encoding="UTF-8"?>
<testng-results skipped="3" failed="0" total="6" passed="3">
  <reporter-output>
  </reporter-output>
  <suite name="Default suite" duration-ms="211725" started-at="2018-10-11T18:34:27Z" finished-at="2018-10-11T18:37:58Z">
    <groups>
    </groups>
    <test name="Default test" duration-ms="211725" started-at="2018-10-11T18:34:27Z" finished-at="2018-10-11T18:37:58Z">
      <class name="qa.com.freecrm.testcases.contactpagetest">
        <test-method status="PASS" signature="setup()[pri:0, instance:qa.com.freecrm.testcases.contactpagetest@29ee9faa]" name="setup" is-config="true" duration-ms="34641" started-at="2018-10-12T00:04:27Z" finished-at="2018-10-12T00:05:01Z">
          <reporter-output>
          </reporter-output>
        </test-method> <!-- setup -->
        <test-method status="PASS" signature="selectcontactstest()[pri:0, instance:qa.com.freecrm.testcases.contactpagetest@29ee9faa]" name="selectcontactstest" duration-ms="219" started-at="2018-10-12T00:05:01Z" finished-at="2018-10-12T00:05:01Z">
          <reporter-output>
          </reporter-output>
        </test-method> <!-- selectcontactstest -->
        <test-method status="PASS" signature="teardown()[pri:0, instance:qa.com.freecrm.testcases.contactpagetest@29ee9faa]" name="teardown" is-config="true" duration-ms="3397" started-at="2018-10-12T00:05:01Z" finished-at="2018-10-12T00:05:05Z">
          <reporter-output>
          </reporter-output>
        </test-method> <!-- teardown -->
        <test-method status="PASS" signature="setup()[pri:0, instance:qa.com.freecrm.testcases.contactpagetest@29ee9faa]" name="setup" is-config="true" duration-ms="52407" started-at="2018-10-12T00:05:05Z" finished-at="2018-10-12T00:05:57Z">
          <reporter-output>
          </reporter-output>
        </test-method> <!-- setup -->
        <test-method status="PASS" signature="validatecreatenewcontact(java.lang.String, java.lang.String, java.lang.String, java.lang.String)[pri:0, instance:qa.com.freecrm.testcases.contactpagetest@29ee9faa]" name="validatecreatenewcontact" duration-ms="20785" started-at="2018-10-12T00:05:57Z" data-provider="getfreecrmtestdata" finished-at="2018-10-12T00:06:18Z">
          <params>
            <param index="0">
              <value>
                <![CDATA[Mr.]]>
              </value>
            </param>
            <param index="1">
              <value>
                <![CDATA[tom]]>
              </value>
            </param>
            <param index="2">
              <value>
                <![CDATA[peter]]>
              </value>
            </param>
            <param index="3">
              <value>
                <![CDATA[google]]>
              </value>
            </param>
          </params>
          <reporter-output>
          </reporter-output>
        </test-method> <!-- validatecreatenewcontact -->
        <test-method status="PASS" signature="teardown()[pri:0, instance:qa.com.freecrm.testcases.contactpagetest@29ee9faa]" name="teardown" is-config="true" duration-ms="804" started-at="2018-10-12T00:06:18Z" finished-at="2018-10-12T00:06:19Z">
          <reporter-output>
          </reporter-output>
        </test-method> <!-- teardown -->
        <test-method status="PASS" signature="setup()[pri:0, instance:qa.com.freecrm.testcases.contactpagetest@29ee9faa]" name="setup" is-config="true" duration-ms="34898" started-at="2018-10-12T00:06:19Z" finished-at="2018-10-12T00:06:54Z">
          <reporter-output>
          </reporter-output>
        </test-method> <!-- setup -->
        <test-method status="PASS" signature="validatecreatenewcontact(java.lang.String, java.lang.String, java.lang.String, java.lang.String)[pri:0, instance:qa.com.freecrm.testcases.contactpagetest@29ee9faa]" name="validatecreatenewcontact" duration-ms="23735" started-at="2018-10-12T00:06:54Z" data-provider="getfreecrmtestdata" finished-at="2018-10-12T00:07:18Z">
          <params>
            <param index="0">
              <value>
                <![CDATA[Mr.]]>
              </value>
            </param>
            <param index="1">
              <value>
                <![CDATA[sachin]]>
              </value>
            </param>
            <param index="2">
              <value>
                <![CDATA[tendulkar]]>
              </value>
            </param>
            <param index="3">
              <value>
                <![CDATA[google]]>
              </value>
            </param>
          </params>
          <reporter-output>
          </reporter-output>
        </test-method> <!-- validatecreatenewcontact -->
        <test-method status="PASS" signature="teardown()[pri:0, instance:qa.com.freecrm.testcases.contactpagetest@29ee9faa]" name="teardown" is-config="true" duration-ms="619" started-at="2018-10-12T00:07:18Z" finished-at="2018-10-12T00:07:18Z">
          <reporter-output>
          </reporter-output>
        </test-method> <!-- teardown -->
        <test-method status="FAIL" signature="setup()[pri:0, instance:qa.com.freecrm.testcases.contactpagetest@29ee9faa]" name="setup" is-config="true" duration-ms="0" started-at="2018-10-12T00:07:18Z" finished-at="2018-10-12T00:07:18Z">
          <exception class="org.openqa.selenium.TimeoutException">
            <message>
              <![CDATA[timeout
  (Session info: chrome=69.0.3497.100)
  (Driver info: chromedriver=2.40.565498 (ea082db3280dd6843ebfb08a625e3eb905c4f5ab),platform=Windows NT 6.1.7601 SP1 x86_64) (WARNING: The server did not provide any stacktrace information)
Command duration or timeout: 0 milliseconds
Build info: version: '3.13.0', revision: '2f0d292', time: '2018-06-25T15:24:21.231Z'
System info: host: 'AKSHATHA-HP', ip: '192.168.43.195', os.name: 'Windows 7', os.arch: 'amd64', os.version: '6.1', java.version: '1.8.0_25'
Driver info: org.openqa.selenium.chrome.ChromeDriver
Capabilities {acceptInsecureCerts: false, acceptSslCerts: false, applicationCacheEnabled: false, browserConnectionEnabled: false, browserName: chrome, chrome: {chromedriverVersion: 2.40.565498 (ea082db3280dd6..., userDataDir: C:\Users\akshatha\AppData\L...}, cssSelectorsEnabled: true, databaseEnabled: false, handlesAlerts: true, hasTouchScreen: false, javascriptEnabled: true, locationContextEnabled: true, mobileEmulationEnabled: false, nativeEvents: true, networkConnectionEnabled: false, pageLoadStrategy: normal, platform: XP, platformName: XP, rotatable: false, setWindowRect: true, takesHeapSnapshot: true, takesScreenshot: true, unexpectedAlertBehaviour: , unhandledPromptBehavior: , version: 69.0.3497.100, webStorageEnabled: true}
Session ID: 5123a0735a21bf7743118f5088e8acc7]]>
            </message>
            <full-stacktrace>
              <![CDATA[org.openqa.selenium.TimeoutException: timeout
  (Session info: chrome=69.0.3497.100)
  (Driver info: chromedriver=2.40.565498 (ea082db3280dd6843ebfb08a625e3eb905c4f5ab),platform=Windows NT 6.1.7601 SP1 x86_64) (WARNING: The server did not provide any stacktrace information)
Command duration or timeout: 0 milliseconds
Build info: version: '3.13.0', revision: '2f0d292', time: '2018-06-25T15:24:21.231Z'
System info: host: 'AKSHATHA-HP', ip: '192.168.43.195', os.name: 'Windows 7', os.arch: 'amd64', os.version: '6.1', java.version: '1.8.0_25'
Driver info: org.openqa.selenium.chrome.ChromeDriver
Capabilities {acceptInsecureCerts: false, acceptSslCerts: false, applicationCacheEnabled: false, browserConnectionEnabled: false, browserName: chrome, chrome: {chromedriverVersion: 2.40.565498 (ea082db3280dd6..., userDataDir: C:\Users\akshatha\AppData\L...}, cssSelectorsEnabled: true, databaseEnabled: false, handlesAlerts: true, hasTouchScreen: false, javascriptEnabled: true, locationContextEnabled: true, mobileEmulationEnabled: false, nativeEvents: true, networkConnectionEnabled: false, pageLoadStrategy: normal, platform: XP, platformName: XP, rotatable: false, setWindowRect: true, takesHeapSnapshot: true, takesScreenshot: true, unexpectedAlertBehaviour: , unhandledPromptBehavior: , version: 69.0.3497.100, webStorageEnabled: true}
Session ID: 5123a0735a21bf7743118f5088e8acc7
	at sun.reflect.NativeConstructorAccessorImpl.newInstance0(Native Method)
	at sun.reflect.NativeConstructorAccessorImpl.newInstance(Unknown Source)
	at sun.reflect.DelegatingConstructorAccessorImpl.newInstance(Unknown Source)
	at java.lang.reflect.Constructor.newInstance(Unknown Source)
	at org.openqa.selenium.remote.ErrorHandler.createThrowable(ErrorHandler.java:214)
	at org.openqa.selenium.remote.ErrorHandler.throwIfResponseFailed(ErrorHandler.java:166)
	at org.openqa.selenium.remote.http.JsonHttpResponseCodec.reconstructValue(JsonHttpResponseCodec.java:40)
	at org.openqa.selenium.remote.http.AbstractHttpResponseCodec.decode(AbstractHttpResponseCodec.java:80)
	at org.openqa.selenium.remote.http.AbstractHttpResponseCodec.decode(AbstractHttpResponseCodec.java:44)
	at org.openqa.selenium.remote.HttpCommandExecutor.execute(HttpCommandExecutor.java:158)
	at org.openqa.selenium.remote.service.DriverCommandExecutor.execute(DriverCommandExecutor.java:83)
	at org.openqa.selenium.remote.RemoteWebDriver.execute(RemoteWebDriver.java:548)
	at org.openqa.selenium.remote.RemoteWebElement.execute(RemoteWebElement.java:276)
	at org.openqa.selenium.remote.RemoteWebElement.click(RemoteWebElement.java:83)
	at sun.reflect.NativeMethodAccessorImpl.invoke0(Native Method)
	at sun.reflect.NativeMethodAccessorImpl.invoke(Unknown Source)
	at sun.reflect.DelegatingMethodAccessorImpl.invoke(Unknown Source)
	at java.lang.reflect.Method.invoke(Unknown Source)
	at org.openqa.selenium.support.pagefactory.internal.LocatingElementHandler.invoke(LocatingElementHandler.java:51)
	at com.sun.proxy.$Proxy10.click(Unknown Source)
	at qa.com.freecrm.pages.loginpage.loginusernametest(loginpage.java:41)
	at qa.com.freecrm.testcases.contactpagetest.setup(contactpagetest.java:35)
	at sun.reflect.NativeMethodAccessorImpl.invoke0(Native Method)
	at sun.reflect.NativeMethodAccessorImpl.invoke(Unknown Source)
	at sun.reflect.DelegatingMethodAccessorImpl.invoke(Unknown Source)
	at java.lang.reflect.Method.invoke(Unknown Source)
	at org.testng.internal.MethodInvocationHelper.invokeMethod(MethodInvocationHelper.java:84)
	at org.testng.internal.Invoker.invokeConfigurationMethod(Invoker.java:564)
	at org.testng.internal.Invoker.invokeConfigurations(Invoker.java:213)
	at org.testng.internal.Invoker.invokeMethod(Invoker.java:653)
	at org.testng.internal.Invoker.invokeTestMethod(Invoker.java:901)
	at org.testng.internal.Invoker.invokeTestMethods(Invoker.java:1231)
	at org.testng.internal.TestMethodWorker.invokeTestMethods(TestMethodWorker.java:127)
	at org.testng.internal.TestMethodWorker.run(TestMethodWorker.java:111)
	at org.testng.TestRunner.privateRun(TestRunner.java:767)
	at org.testng.TestRunner.run(TestRunner.java:617)
	at org.testng.SuiteRunner.runTest(SuiteRunner.java:348)
	at org.testng.SuiteRunner.runSequentially(SuiteRunner.java:343)
	at org.testng.SuiteRunner.privateRun(SuiteRunner.java:305)
	at org.testng.SuiteRunner.run(SuiteRunner.java:254)
	at org.testng.SuiteRunnerWorker.runSuite(SuiteRunnerWorker.java:52)
	at org.testng.SuiteRunnerWorker.run(SuiteRunnerWorker.java:86)
	at org.testng.TestNG.runSuitesSequentially(TestNG.java:1224)
	at org.testng.TestNG.runSuitesLocally(TestNG.java:1149)
	at org.testng.TestNG.run(TestNG.java:1057)
	at org.testng.remote.AbstractRemoteTestNG.run(AbstractRemoteTestNG.java:114)
	at org.testng.remote.RemoteTestNG.initAndRun(RemoteTestNG.java:251)
	at org.testng.remote.RemoteTestNG.main(RemoteTestNG.java:77)
]]>
            </full-stacktrace>
          </exception> <!-- org.openqa.selenium.TimeoutException -->
          <reporter-output>
          </reporter-output>
        </test-method> <!-- setup -->
        <test-method status="SKIP" signature="validatecreatenewcontact(java.lang.String, java.lang.String, java.lang.String, java.lang.String)[pri:0, instance:qa.com.freecrm.testcases.contactpagetest@29ee9faa]" name="validatecreatenewcontact" duration-ms="2" started-at="2018-10-12T00:07:58Z" data-provider="getfreecrmtestdata" finished-at="2018-10-12T00:07:58Z">
          <params>
            <param index="0">
              <value>
                <![CDATA[Mr.]]>
              </value>
            </param>
            <param index="1">
              <value>
                <![CDATA[rahul]]>
              </value>
            </param>
            <param index="2">
              <value>
                <![CDATA[dravid]]>
              </value>
            </param>
            <param index="3">
              <value>
                <![CDATA[google]]>
              </value>
            </param>
          </params>
          <reporter-output>
          </reporter-output>
        </test-method> <!-- validatecreatenewcontact -->
        <test-method status="SKIP" signature="teardown()[pri:0, instance:qa.com.freecrm.testcases.contactpagetest@29ee9faa]" name="teardown" is-config="true" duration-ms="0" started-at="2018-10-12T00:07:58Z" finished-at="2018-10-12T00:07:58Z">
          <reporter-output>
          </reporter-output>
        </test-method> <!-- teardown -->
        <test-method status="SKIP" signature="setup()[pri:0, instance:qa.com.freecrm.testcases.contactpagetest@29ee9faa]" name="setup" is-config="true" duration-ms="0" started-at="2018-10-12T00:07:58Z" finished-at="2018-10-12T00:07:58Z">
          <reporter-output>
          </reporter-output>
        </test-method> <!-- setup -->
        <test-method status="SKIP" signature="validatecreatenewcontact(java.lang.String, java.lang.String, java.lang.String, java.lang.String)[pri:0, instance:qa.com.freecrm.testcases.contactpagetest@29ee9faa]" name="validatecreatenewcontact" duration-ms="2" started-at="2018-10-12T00:07:58Z" data-provider="getfreecrmtestdata" finished-at="2018-10-12T00:07:58Z">
          <params>
            <param index="0">
              <value>
                <![CDATA[Mr.]]>
              </value>
            </param>
            <param index="1">
              <value>
                <![CDATA[virat]]>
              </value>
            </param>
            <param index="2">
              <value>
                <![CDATA[kohli]]>
              </value>
            </param>
            <param index="3">
              <value>
                <![CDATA[google]]>
              </value>
            </param>
          </params>
          <reporter-output>
          </reporter-output>
        </test-method> <!-- validatecreatenewcontact -->
        <test-method status="SKIP" signature="teardown()[pri:0, instance:qa.com.freecrm.testcases.contactpagetest@29ee9faa]" name="teardown" is-config="true" duration-ms="0" started-at="2018-10-12T00:07:58Z" finished-at="2018-10-12T00:07:58Z">
          <reporter-output>
          </reporter-output>
        </test-method> <!-- teardown -->
        <test-method status="SKIP" signature="setup()[pri:0, instance:qa.com.freecrm.testcases.contactpagetest@29ee9faa]" name="setup" is-config="true" duration-ms="0" started-at="2018-10-12T00:07:58Z" finished-at="2018-10-12T00:07:58Z">
          <reporter-output>
          </reporter-output>
        </test-method> <!-- setup -->
        <test-method status="SKIP" signature="verifycontactlinktest()[pri:0, instance:qa.com.freecrm.testcases.contactpagetest@29ee9faa]" name="verifycontactlinktest" duration-ms="2" started-at="2018-10-12T00:07:58Z" finished-at="2018-10-12T00:07:58Z">
          <reporter-output>
          </reporter-output>
        </test-method> <!-- verifycontactlinktest -->
        <test-method status="SKIP" signature="teardown()[pri:0, instance:qa.com.freecrm.testcases.contactpagetest@29ee9faa]" name="teardown" is-config="true" duration-ms="0" started-at="2018-10-12T00:07:58Z" finished-at="2018-10-12T00:07:58Z">
          <reporter-output>
          </reporter-output>
        </test-method> <!-- teardown -->
      </class> <!-- qa.com.freecrm.testcases.contactpagetest -->
    </test> <!-- Default test -->
  </suite> <!-- Default suite -->
</testng-results>
