<?xml version="1.0" encoding="UTF-8"?>
<!-- Generated by org.testng.reporters.JUnitXMLReporter -->
<testsuite hostname="akshatha-HP" name="freecrmapptest" tests="7" failures="0" timestamp="9 Oct 2018 19:01:31 GMT" time="229.463" errors="0">
  <testcase name="verifycontactslinktest" time="1.799" classname="qa.com.freecrm.testcases.homepagetest"/>
  <testcase name="verifyhomepagetitletest" time="0.01" classname="qa.com.freecrm.testcases.homepagetest"/>
  <testcase name="verifyusernametest" time="0.088" classname="qa.com.freecrm.testcases.homepagetest"/>
  <testcase name="logintest" time="17.134" classname="qa.com.freecrm.testcases.loginpagetest"/>
  <testcase name="validatelogintitletest" time="0.012" classname="qa.com.freecrm.testcases.loginpagetest"/>
  <testcase name="selectcontactstest" time="0.202" classname="qa.com.freecrm.testcases.contactpagetest"/>
  <testcase name="verifycontactlinktest" time="0.038" classname="qa.com.freecrm.testcases.contactpagetest"/>
</testsuite> <!-- freecrmapptest -->
